<?xml version="1.0" encoding="UTF-8"?>
<testng-results skipped="0" failed="0" total="1" passed="1">
  <reporter-output>
  </reporter-output>
  <suite name="Desktop Screenshots" duration-ms="42343" started-at="2016-06-03T16:28:02Z" finished-at="2016-06-03T16:28:44Z">
    <groups>
      <group name="create">
        <method signature="PlpPages.beforeClass(java.lang.String)[pri:0, instance:citi.thankyou.PlpPages@3c09711b]" name="beforeClass" class="citi.thankyou.PlpPages"/>
      </group> <!-- create -->
    </groups>
    <test name="Desktop Windows 7 Firefox 46" duration-ms="42343" started-at="2016-06-03T16:28:02Z" finished-at="2016-06-03T16:28:44Z">
      <class name="citi.thankyou.PlpPages">
        <test-method status="PASS" signature="beforeClass(java.lang.String)[pri:0, instance:citi.thankyou.PlpPages@3c09711b]" name="beforeClass" duration-ms="42336" started-at="2016-06-03T12:28:02Z" finished-at="2016-06-03T12:28:44Z">
          <params>
            <param index="0">
              <value>
                <![CDATA[firefoxMAC]]>
              </value>
            </param>
          </params>
          <reporter-output>
          </reporter-output>
        </test-method> <!-- beforeClass -->
        <test-method status="PASS" signature="afterMethod_takeScreenshot(org.testng.ITestResult)[pri:0, instance:citi.thankyou.PlpPages@3c09711b]" name="afterMethod_takeScreenshot" is-config="true" duration-ms="0" started-at="2016-06-03T12:28:44Z" description="take screenshot on fails" finished-at="2016-06-03T12:28:44Z">
          <params>
            <param index="0">
              <value>
                <![CDATA[[TestResult name=beforeClass status=SUCCESS method=PlpPages.beforeClass(java.lang.String)[pri:0, instance:citi.thankyou.PlpPages@3c09711b] output={null}]]]>
              </value>
            </param>
          </params>
          <reporter-output>
          </reporter-output>
        </test-method> <!-- afterMethod_takeScreenshot -->
      </class> <!-- citi.thankyou.PlpPages -->
    </test> <!-- Desktop Windows 7 Firefox 46 -->
  </suite> <!-- Desktop Screenshots -->
</testng-results>
